<?xml version="1.0" encoding="UTF-8"?>
<testng-results skipped="0" failed="0" ignored="0" total="1" passed="1">
  <reporter-output>
  </reporter-output>
  <suite name="Default suite" duration-ms="18870" started-at="2017-12-01T06:24:33Z" finished-at="2017-12-01T06:24:52Z">
    <groups>
    </groups>
    <test name="Default test" duration-ms="18870" started-at="2017-12-01T06:24:33Z" finished-at="2017-12-01T06:24:52Z">
      <class name="com.ebay.testcases.HomePageTest">
        <test-method status="PASS" signature="setUp()[pri:0, instance:com.ebay.testcases.HomePageTest@548e7350]" name="setUp" is-config="true" duration-ms="11957" started-at="2017-12-01T01:24:33Z" finished-at="2017-12-01T01:24:45Z">
          <reporter-output>
          </reporter-output>
        </test-method> <!-- setUp -->
        <test-method status="PASS" signature="verifyElectronicsIsClicked()[pri:0, instance:com.ebay.testcases.HomePageTest@548e7350]" name="verifyElectronicsIsClicked" duration-ms="6888" started-at="2017-12-01T01:24:45Z" finished-at="2017-12-01T01:24:52Z">
          <reporter-output>
          </reporter-output>
        </test-method> <!-- verifyElectronicsIsClicked -->
      </class> <!-- com.ebay.testcases.HomePageTest -->
    </test> <!-- Default test -->
  </suite> <!-- Default suite -->
</testng-results>
